
2023/10/08 (13:05:36) | ===> btop++ v.1.2.13
2023/10/08 (13:05:36) | ERROR: No tty detected!
btop++ needs an interactive shell to run.

2024/07/21 (11:33:32) | ===> btop++ v.1.3.2
2024/07/21 (11:33:32) | ERROR: No tty detected!
btop++ needs an interactive shell to run.

2024/08/26 (15:17:04) | ===> btop++ v.1.3.2
2024/08/26 (15:17:04) | WARNING: NVML: Failed to get GPU power usage: Not Supported

2024/08/27 (08:45:15) | ===> btop++ v.1.3.2
2024/08/27 (08:45:15) | WARNING: NVML: Failed to get GPU power usage: Not Supported

2024/08/28 (10:17:41) | ===> btop++ v.1.3.2
2024/08/28 (10:17:41) | WARNING: NVML: Failed to get GPU power usage: Not Supported

2024/08/29 (11:01:23) | ===> btop++ v.1.3.2
2024/08/29 (11:01:23) | WARNING: NVML: Failed to get GPU power usage: Not Supported

2024/08/30 (09:10:26) | ===> btop++ v.1.3.2
2024/08/30 (09:10:26) | WARNING: NVML: Failed to get GPU power usage: Not Supported

2024/09/02 (09:28:05) | ===> btop++ v.1.3.2
2024/09/02 (09:28:05) | WARNING: NVML: Failed to get GPU power usage: Not Supported

2024/09/03 (09:11:19) | ===> btop++ v.1.3.2
2024/09/03 (09:11:19) | WARNING: NVML: Failed to get GPU power usage: Not Supported

2024/09/04 (09:19:05) | ===> btop++ v.1.3.2
2024/09/04 (09:19:05) | WARNING: NVML: Failed to get GPU power usage: Not Supported

2024/09/04 (09:19:45) | ===> btop++ v.1.3.2
2024/09/04 (09:19:45) | WARNING: NVML: Failed to get GPU power usage: Not Supported

2024/09/04 (09:19:56) | ===> btop++ v.1.3.2
2024/09/04 (09:19:56) | WARNING: NVML: Failed to get GPU power usage: Not Supported

2024/09/05 (09:18:21) | ===> btop++ v.1.3.2
2024/09/05 (09:18:21) | WARNING: NVML: Failed to get GPU power usage: Not Supported

2024/09/06 (08:54:55) | ===> btop++ v.1.3.2
2024/09/06 (08:54:55) | WARNING: NVML: Failed to get GPU power usage: Not Supported

2024/09/16 (09:11:49) | ===> btop++ v.1.3.2
2024/09/16 (09:11:49) | WARNING: NVML: Failed to get GPU power usage: Not Supported

2024/09/17 (07:39:53) | ===> btop++ v.1.3.2
2024/09/17 (07:39:53) | WARNING: NVML: Failed to get GPU power usage: Not Supported

2024/09/18 (10:02:52) | ===> btop++ v.1.3.2
2024/09/18 (10:02:52) | WARNING: NVML: Failed to get GPU power usage: Not Supported

2024/09/19 (10:20:58) | ===> btop++ v.1.3.2
2024/09/19 (10:20:58) | WARNING: NVML: Failed to get GPU power usage: Not Supported

2024/09/20 (09:18:44) | ===> btop++ v.1.3.2
2024/09/20 (09:18:44) | WARNING: NVML: Failed to get GPU power usage: Not Supported

2024/09/20 (11:53:28) | ===> btop++ v.1.3.2
2024/09/20 (11:53:28) | WARNING: NVML: Failed to get GPU power usage: Not Supported

2024/09/23 (09:20:46) | ===> btop++ v.1.3.2
2024/09/23 (09:20:46) | WARNING: NVML: Failed to get GPU power usage: Not Supported

2024/09/24 (09:29:56) | ===> btop++ v.1.3.2
2024/09/24 (09:29:56) | WARNING: NVML: Failed to get GPU power usage: Not Supported

2024/09/25 (09:18:50) | ===> btop++ v.1.4.0
2024/09/25 (09:18:50) | WARNING: NVML: Failed to get GPU power usage: Not Supported

2024/09/26 (09:09:34) | ===> btop++ v.1.4.0
2024/09/26 (09:09:34) | WARNING: NVML: Failed to get GPU power usage: Not Supported

2024/09/27 (10:32:05) | ===> btop++ v.1.4.0
2024/09/27 (10:32:05) | WARNING: NVML: Failed to get GPU power usage: Not Supported

2024/09/30 (09:16:16) | ===> btop++ v.1.4.0
2024/09/30 (09:16:16) | WARNING: NVML: Failed to get GPU power usage: Not Supported

2024/10/01 (09:25:54) | ===> btop++ v.1.4.0
2024/10/01 (09:25:54) | WARNING: NVML: Failed to get GPU power usage: Not Supported

2024/10/02 (10:29:54) | ===> btop++ v.1.4.0
2024/10/02 (10:29:54) | WARNING: NVML: Failed to get GPU power usage: Not Supported

2024/10/03 (10:47:18) | ===> btop++ v.1.4.0
2024/10/03 (10:47:18) | WARNING: NVML: Failed to get GPU power usage: Not Supported

2024/10/04 (15:26:56) | ===> btop++ v.1.4.0
2024/10/04 (15:26:56) | WARNING: NVML: Failed to get GPU power usage: Not Supported

2024/10/07 (08:21:53) | ===> btop++ v.1.4.0
2024/10/07 (08:21:53) | WARNING: NVML: Failed to get GPU power usage: Not Supported

2024/10/08 (08:58:15) | ===> btop++ v.1.4.0
2024/10/08 (08:58:15) | WARNING: NVML: Failed to get GPU power usage: Not Supported

2024/10/09 (10:14:16) | ===> btop++ v.1.4.0
2024/10/09 (10:14:16) | WARNING: NVML: Failed to get GPU power usage: Not Supported

2024/10/10 (16:08:47) | ===> btop++ v.1.4.0
2024/10/10 (16:08:47) | WARNING: NVML: Failed to get GPU power usage: Not Supported

2024/10/14 (14:27:50) | ===> btop++ v.1.4.0
2024/10/14 (14:27:50) | WARNING: NVML: Failed to get GPU power usage: Not Supported

2024/10/15 (08:55:08) | ===> btop++ v.1.4.0
2024/10/15 (08:55:08) | WARNING: NVML: Failed to get GPU power usage: Not Supported

2024/10/15 (09:40:14) | ===> btop++ v.1.4.0
2024/10/15 (09:40:14) | WARNING: NVML: Failed to get GPU power usage: Not Supported

2024/10/16 (09:17:42) | ===> btop++ v.1.4.0
2024/10/16 (09:17:42) | WARNING: NVML: Failed to get GPU power usage: Not Supported

2024/10/17 (09:30:43) | ===> btop++ v.1.4.0
2024/10/17 (09:30:43) | WARNING: NVML: Failed to get GPU power usage: Not Supported

2024/10/18 (19:13:59) | ===> btop++ v.1.4.0
2024/10/18 (19:13:59) | WARNING: NVML: Failed to get GPU power usage: Not Supported

2024/10/18 (19:37:39) | ===> btop++ v.1.4.0
2024/10/18 (19:37:39) | WARNING: NVML: Failed to get GPU power usage: Not Supported

2024/10/18 (21:11:43) | ===> btop++ v.1.4.0
2024/10/18 (21:11:43) | WARNING: NVML: Failed to get GPU power usage: Not Supported

2024/10/21 (08:41:37) | ===> btop++ v.1.4.0
2024/10/21 (08:41:37) | WARNING: NVML: Failed to get GPU power usage: Not Supported

2024/10/22 (08:53:37) | ===> btop++ v.1.4.0
2024/10/22 (08:53:37) | WARNING: NVML: Failed to get GPU power usage: Not Supported

2024/10/23 (09:10:16) | ===> btop++ v.1.4.0
2024/10/23 (09:10:16) | WARNING: NVML: Failed to get GPU power usage: Not Supported

2024/10/24 (08:55:00) | ===> btop++ v.1.4.0
2024/10/24 (08:55:00) | WARNING: NVML: Failed to get GPU power usage: Not Supported

2024/10/24 (19:05:03) | ===> btop++ v.1.4.0
2024/10/24 (19:05:03) | WARNING: NVML: Failed to get GPU power usage: Not Supported

2024/10/25 (17:49:32) | ===> btop++ v.1.4.0
2024/10/25 (17:49:32) | WARNING: NVML: Failed to get GPU power usage: Not Supported

2024/10/28 (21:50:20) | ===> btop++ v.1.4.0
2024/10/28 (21:50:20) | WARNING: NVML: Failed to get GPU power usage: Not Supported

2024/10/29 (09:25:35) | ===> btop++ v.1.4.0
2024/10/29 (09:25:35) | WARNING: NVML: Failed to get GPU power usage: Not Supported

2024/10/29 (21:46:50) | ===> btop++ v.1.4.0
2024/10/29 (21:46:50) | WARNING: NVML: Failed to get GPU power usage: Not Supported

2024/10/30 (10:00:07) | ===> btop++ v.1.4.0
2024/10/30 (10:00:07) | WARNING: NVML: Failed to get GPU power usage: Not Supported

2024/10/31 (09:22:22) | ===> btop++ v.1.4.0
2024/10/31 (09:22:22) | WARNING: NVML: Failed to get GPU power usage: Not Supported

2024/11/01 (21:38:07) | ===> btop++ v.1.4.0
2024/11/01 (21:38:07) | WARNING: NVML: Failed to get GPU power usage: Not Supported

2024/11/05 (08:54:24) | ===> btop++ v.1.4.0
2024/11/05 (08:54:24) | WARNING: NVML: Failed to get GPU power usage: Not Supported

2024/11/06 (09:08:05) | ===> btop++ v.1.4.0
2024/11/06 (09:08:05) | WARNING: NVML: Failed to get GPU power usage: Not Supported

2024/11/07 (10:22:57) | ===> btop++ v.1.4.0
2024/11/07 (10:22:57) | WARNING: NVML: Failed to get GPU power usage: Not Supported

2024/11/08 (09:19:25) | ===> btop++ v.1.4.0
2024/11/08 (09:19:25) | WARNING: NVML: Failed to get GPU power usage: Not Supported

2024/11/11 (09:45:34) | ===> btop++ v.1.4.0
2024/11/11 (09:45:34) | WARNING: NVML: Failed to get GPU power usage: Not Supported

2024/11/12 (09:12:09) | ===> btop++ v.1.4.0
2024/11/12 (09:12:09) | WARNING: NVML: Failed to get GPU power usage: Not Supported

2024/11/13 (07:57:14) | ===> btop++ v.1.4.0
2024/11/13 (07:57:14) | WARNING: NVML: Failed to get GPU power usage: Not Supported

2024/11/14 (09:29:57) | ===> btop++ v.1.4.0
2024/11/14 (09:29:57) | WARNING: NVML: Failed to get GPU power usage: Not Supported

2024/11/15 (09:54:24) | ===> btop++ v.1.4.0
2024/11/15 (09:54:24) | WARNING: NVML: Failed to get GPU power usage: Not Supported

2024/11/18 (09:25:19) | ===> btop++ v.1.4.0
2024/11/18 (09:25:19) | WARNING: NVML: Failed to get GPU power usage: Not Supported

2024/11/19 (09:29:57) | ===> btop++ v.1.4.0
2024/11/19 (09:29:57) | WARNING: NVML: Failed to get GPU power usage: Not Supported

2024/11/19 (14:42:36) | ===> btop++ v.1.4.0
2024/11/19 (14:42:36) | WARNING: NVML: Failed to get GPU power usage: Not Supported

2024/11/21 (09:16:37) | ===> btop++ v.1.4.0
2024/11/21 (09:16:37) | WARNING: NVML: Failed to get GPU power usage: Not Supported

2024/11/21 (09:29:30) | ===> btop++ v.1.4.0
2024/11/21 (09:29:30) | WARNING: NVML: Failed to get GPU power usage: Not Supported

2024/11/26 (09:29:24) | ===> btop++ v.1.4.0
2024/11/26 (09:29:24) | WARNING: NVML: Failed to get GPU power usage: Not Supported

2024/11/27 (10:12:12) | ===> btop++ v.1.4.0
2024/11/27 (10:12:12) | WARNING: NVML: Failed to get GPU power usage: Not Supported

2024/11/28 (09:17:46) | ===> btop++ v.1.4.0
2024/11/28 (09:17:46) | WARNING: NVML: Failed to get GPU power usage: Not Supported

2024/11/29 (09:26:22) | ===> btop++ v.1.4.0
2024/11/29 (09:26:22) | WARNING: NVML: Failed to get GPU power usage: Not Supported

2024/11/29 (11:16:02) | ===> btop++ v.1.4.0
2024/11/29 (11:16:02) | WARNING: NVML: Failed to get GPU power usage: Not Supported

2024/11/29 (12:21:28) | ===> btop++ v.1.4.0
2024/11/29 (12:21:28) | WARNING: NVML: Failed to get GPU power usage: Not Supported

2024/11/30 (21:32:58) | ===> btop++ v.1.4.0
2024/11/30 (21:32:58) | WARNING: NVML: Failed to get GPU power usage: Not Supported

2024/12/01 (11:41:31) | ===> btop++ v.1.4.0
2024/12/01 (11:41:31) | WARNING: NVML: Failed to get GPU power usage: Not Supported

2024/12/01 (22:04:16) | ===> btop++ v.1.4.0
2024/12/01 (22:04:16) | WARNING: NVML: Failed to get GPU power usage: Not Supported

2024/12/01 (22:10:17) | ===> btop++ v.1.4.0
2024/12/01 (22:10:17) | WARNING: NVML: Failed to get GPU power usage: Not Supported

2024/12/01 (22:43:11) | ===> btop++ v.1.4.0
2024/12/01 (22:43:11) | WARNING: NVML: Failed to get GPU power usage: Not Supported

2024/12/01 (22:45:27) | ===> btop++ v.1.4.0
2024/12/01 (22:45:27) | WARNING: NVML: Failed to get GPU power usage: Not Supported

2024/12/01 (22:50:53) | ===> btop++ v.1.4.0
2024/12/01 (22:50:53) | WARNING: NVML: Failed to get GPU power usage: Not Supported

2024/12/01 (22:51:06) | ===> btop++ v.1.4.0
2024/12/01 (22:51:06) | WARNING: NVML: Failed to get GPU power usage: Not Supported

2024/12/02 (09:32:53) | ===> btop++ v.1.4.0
2024/12/02 (09:32:53) | WARNING: NVML: Failed to get GPU power usage: Not Supported

2024/12/02 (21:07:18) | ===> btop++ v.1.4.0
2024/12/02 (21:07:18) | WARNING: NVML: Failed to get GPU power usage: Not Supported

2024/12/02 (23:57:58) | ===> btop++ v.1.4.0
2024/12/02 (23:57:58) | WARNING: NVML: Failed to get GPU power usage: Not Supported

2024/12/03 (09:13:30) | ===> btop++ v.1.4.0
2024/12/03 (09:13:30) | WARNING: NVML: Failed to get GPU power usage: Not Supported

2024/12/03 (12:28:35) | ===> btop++ v.1.4.0
2024/12/03 (12:28:35) | WARNING: NVML: Failed to get GPU power usage: Not Supported

2024/12/03 (13:35:33) | ===> btop++ v.1.4.0
2024/12/03 (13:35:33) | WARNING: NVML: Failed to get GPU power usage: Not Supported

2024/12/03 (21:58:27) | ===> btop++ v.1.4.0
2024/12/03 (21:58:27) | WARNING: NVML: Failed to get GPU power usage: Not Supported

2024/12/04 (17:16:23) | ===> btop++ v.1.4.0
2024/12/04 (17:16:23) | WARNING: NVML: Failed to get GPU power usage: Not Supported

2024/12/04 (19:58:29) | ===> btop++ v.1.4.0
2024/12/04 (19:58:29) | WARNING: NVML: Failed to get GPU power usage: Not Supported

2024/12/05 (09:16:57) | ===> btop++ v.1.4.0
2024/12/05 (09:16:57) | WARNING: NVML: Failed to get GPU power usage: Not Supported

2024/12/05 (20:30:30) | ===> btop++ v.1.4.0
2024/12/05 (20:30:30) | WARNING: NVML: Failed to get GPU power usage: Not Supported

2024/12/05 (20:36:02) | ===> btop++ v.1.4.0
2024/12/05 (20:36:02) | WARNING: NVML: Failed to get GPU power usage: Not Supported

2024/12/05 (22:22:00) | ===> btop++ v.1.4.0
2024/12/05 (22:22:00) | WARNING: NVML: Failed to get GPU power usage: Not Supported

2024/12/06 (00:57:20) | ===> btop++ v.1.4.0
2024/12/06 (00:57:20) | WARNING: NVML: Failed to get GPU power usage: Not Supported

2024/12/06 (10:47:10) | ===> btop++ v.1.4.0
2024/12/06 (10:47:10) | WARNING: NVML: Failed to get GPU power usage: Not Supported

2024/12/06 (10:47:31) | ===> btop++ v.1.4.0
2024/12/06 (10:47:31) | WARNING: NVML: Failed to get GPU power usage: Not Supported

2024/12/06 (10:49:35) | ===> btop++ v.1.4.0
2024/12/06 (10:49:35) | WARNING: NVML: Failed to get GPU power usage: Not Supported

2024/12/06 (10:50:13) | ===> btop++ v.1.4.0
2024/12/06 (10:50:13) | WARNING: NVML: Failed to get GPU power usage: Not Supported

2024/12/06 (14:29:53) | ===> btop++ v.1.4.0
2024/12/06 (14:29:53) | WARNING: NVML: Failed to get GPU power usage: Not Supported

2024/12/06 (14:30:02) | ===> btop++ v.1.4.0
2024/12/06 (14:30:02) | WARNING: NVML: Failed to get GPU power usage: Not Supported

2024/12/06 (15:54:50) | ===> btop++ v.1.4.0
2024/12/06 (15:54:50) | WARNING: NVML: Failed to get GPU power usage: Not Supported

2024/12/09 (12:47:41) | ===> btop++ v.1.4.0
2024/12/09 (12:47:41) | WARNING: NVML: Failed to get GPU power usage: Not Supported

2024/12/09 (22:44:56) | ===> btop++ v.1.4.0
2024/12/09 (22:44:56) | WARNING: NVML: Failed to get GPU power usage: Not Supported

2024/12/10 (09:17:34) | ===> btop++ v.1.4.0
2024/12/10 (09:17:34) | WARNING: NVML: Failed to get GPU power usage: Not Supported

2024/12/11 (10:00:12) | ===> btop++ v.1.4.0
2024/12/11 (10:00:12) | WARNING: NVML: Failed to get GPU power usage: Not Supported

2024/12/12 (09:14:39) | ===> btop++ v.1.4.0
2024/12/12 (09:14:39) | WARNING: NVML: Failed to get GPU power usage: Not Supported

2024/12/13 (10:16:24) | ===> btop++ v.1.4.0
2024/12/13 (10:16:24) | WARNING: NVML: Failed to get GPU power usage: Not Supported

2024/12/16 (09:28:34) | ===> btop++ v.1.4.0
2024/12/16 (09:28:34) | WARNING: NVML: Failed to get GPU power usage: Not Supported

2024/12/16 (11:58:39) | ===> btop++ v.1.4.0
2024/12/16 (11:58:39) | WARNING: NVML: Failed to get GPU power usage: Not Supported

2024/12/17 (09:09:33) | ===> btop++ v.1.4.0
2024/12/17 (09:09:33) | WARNING: NVML: Failed to get GPU power usage: Not Supported

2024/12/18 (13:55:39) | ===> btop++ v.1.4.0
2024/12/18 (13:55:39) | WARNING: NVML: Failed to get GPU power usage: Not Supported

2024/12/19 (09:06:14) | ===> btop++ v.1.4.0
2024/12/19 (09:06:14) | WARNING: NVML: Failed to get GPU power usage: Not Supported

2024/12/19 (09:11:27) | ===> btop++ v.1.4.0
2024/12/19 (09:11:27) | WARNING: NVML: Failed to get GPU power usage: Not Supported

2024/12/20 (09:18:07) | ===> btop++ v.1.4.0
2024/12/20 (09:18:07) | WARNING: NVML: Failed to get GPU power usage: Not Supported

2024/12/23 (21:29:24) | ===> btop++ v.1.4.0
2024/12/23 (21:29:24) | WARNING: NVML: Failed to get GPU power usage: Not Supported

2024/12/24 (11:13:33) | ===> btop++ v.1.4.0
2024/12/24 (11:13:33) | WARNING: NVML: Failed to get GPU power usage: Not Supported

2024/12/25 (10:51:24) | ===> btop++ v.1.4.0
2024/12/25 (10:51:24) | WARNING: NVML: Failed to get GPU power usage: Not Supported

2024/12/26 (09:33:23) | ===> btop++ v.1.4.0
2024/12/26 (09:33:23) | WARNING: NVML: Failed to get GPU power usage: Not Supported

2024/12/27 (09:48:34) | ===> btop++ v.1.4.0
2024/12/27 (09:48:34) | WARNING: NVML: Failed to get GPU power usage: Not Supported

2025/01/02 (09:29:08) | ===> btop++ v.1.4.0
2025/01/02 (09:29:08) | WARNING: NVML: Failed to get GPU power usage: Not Supported

2025/01/02 (10:57:42) | ===> btop++ v.1.4.0
2025/01/02 (10:57:42) | WARNING: NVML: Failed to get GPU power usage: Not Supported

2025/01/03 (10:55:47) | ===> btop++ v.1.4.0
2025/01/03 (10:55:47) | WARNING: NVML: Failed to get GPU power usage: Not Supported

2025/01/06 (09:42:48) | ===> btop++ v.1.4.0
2025/01/06 (09:42:48) | WARNING: NVML: Failed to get GPU power usage: Not Supported

2025/01/06 (13:41:27) | ===> btop++ v.1.4.0
2025/01/06 (13:41:27) | WARNING: NVML: Failed to get GPU power usage: Not Supported

2025/01/07 (09:29:08) | ===> btop++ v.1.4.0
2025/01/07 (09:29:08) | WARNING: NVML: Failed to get GPU power usage: Not Supported

2025/01/07 (13:51:28) | ===> btop++ v.1.4.0
2025/01/07 (13:51:28) | WARNING: NVML: Failed to get GPU power usage: Not Supported

2025/01/08 (11:32:22) | ===> btop++ v.1.4.0
2025/01/08 (11:32:22) | WARNING: NVML: Failed to get GPU power usage: Not Supported

2025/01/09 (09:02:57) | ===> btop++ v.1.4.0
2025/01/09 (09:02:57) | WARNING: NVML: Failed to get GPU power usage: Not Supported

2025/01/10 (09:44:19) | ===> btop++ v.1.4.0
2025/01/10 (09:44:19) | WARNING: NVML: Failed to get GPU power usage: Not Supported

2025/01/13 (09:35:50) | ===> btop++ v.1.4.0
2025/01/13 (09:35:50) | WARNING: NVML: Failed to get GPU power usage: Not Supported

2025/01/13 (10:58:34) | ===> btop++ v.1.4.0
2025/01/13 (10:58:34) | WARNING: NVML: Failed to get GPU power usage: Not Supported

2025/01/14 (09:09:55) | ===> btop++ v.1.4.0
2025/01/14 (09:09:55) | WARNING: NVML: Failed to get GPU power usage: Not Supported

2025/01/15 (10:25:55) | ===> btop++ v.1.4.0
2025/01/15 (10:25:55) | WARNING: NVML: Failed to get GPU power usage: Not Supported

2025/01/15 (14:58:50) | ===> btop++ v.1.4.0
2025/01/15 (14:58:50) | WARNING: NVML: Failed to get GPU power usage: Not Supported

2025/01/16 (08:50:28) | ===> btop++ v.1.4.0
2025/01/16 (08:50:28) | WARNING: NVML: Failed to get GPU power usage: Not Supported

2025/01/17 (16:15:58) | ===> btop++ v.1.4.0
2025/01/17 (16:15:58) | WARNING: NVML: Failed to get GPU power usage: Not Supported

2025/01/24 (08:56:18) | ===> btop++ v.1.4.0
2025/01/24 (08:56:18) | WARNING: NVML: Failed to get GPU power usage: Not Supported

2025/01/24 (09:11:46) | ===> btop++ v.1.4.0
2025/01/24 (09:11:46) | WARNING: NVML: Failed to get GPU power usage: Not Supported

2025/01/24 (10:57:58) | ===> btop++ v.1.4.0
2025/01/24 (10:57:58) | WARNING: NVML: Failed to get GPU power usage: Not Supported

2025/01/24 (11:01:48) | ===> btop++ v.1.4.0
2025/01/24 (11:01:48) | WARNING: NVML: Failed to get GPU power usage: Not Supported

2025/01/24 (17:09:11) | ===> btop++ v.1.4.0
2025/01/24 (17:09:11) | WARNING: NVML: Failed to get GPU power usage: Not Supported

2025/01/24 (17:09:21) | ===> btop++ v.1.4.0
2025/01/24 (17:09:21) | WARNING: NVML: Failed to get GPU power usage: Not Supported

2025/01/24 (17:09:28) | ===> btop++ v.1.4.0
2025/01/24 (17:09:28) | WARNING: NVML: Failed to get GPU power usage: Not Supported

2025/01/26 (11:17:46) | ===> btop++ v.1.4.0
2025/01/26 (11:17:46) | WARNING: NVML: Failed to get GPU power usage: Not Supported

2025/01/27 (09:30:06) | ===> btop++ v.1.4.0
2025/01/27 (09:30:06) | WARNING: NVML: Failed to get GPU power usage: Not Supported

2025/01/28 (08:49:33) | ===> btop++ v.1.4.0
2025/01/28 (08:49:33) | WARNING: NVML: Failed to get GPU power usage: Not Supported

2025/01/29 (09:44:42) | ===> btop++ v.1.4.0
2025/01/29 (09:44:42) | WARNING: NVML: Failed to get GPU power usage: Not Supported

2025/01/29 (10:56:10) | ===> btop++ v.1.4.0
2025/01/29 (10:56:10) | WARNING: NVML: Failed to get GPU power usage: Not Supported

2025/01/30 (09:13:46) | ===> btop++ v.1.4.0
2025/01/30 (09:13:46) | WARNING: NVML: Failed to get GPU power usage: Not Supported

2025/01/31 (09:43:34) | ===> btop++ v.1.4.0
2025/01/31 (09:43:34) | WARNING: NVML: Failed to get GPU power usage: Not Supported

2025/01/31 (14:26:51) | ===> btop++ v.1.4.0
2025/01/31 (14:26:51) | WARNING: NVML: Failed to get GPU power usage: Not Supported

2025/02/03 (09:53:51) | ===> btop++ v.1.4.0
2025/02/03 (09:53:51) | WARNING: NVML: Failed to get GPU power usage: Not Supported

2025/02/04 (09:18:04) | ===> btop++ v.1.4.0
2025/02/04 (09:18:04) | WARNING: NVML: Failed to get GPU power usage: Not Supported

2025/02/05 (09:13:57) | ===> btop++ v.1.4.0
2025/02/05 (09:13:57) | WARNING: NVML: Failed to get GPU power usage: Not Supported

2025/02/06 (09:00:53) | ===> btop++ v.1.4.0
2025/02/06 (09:00:53) | WARNING: NVML: Failed to get GPU power usage: Not Supported

2025/02/11 (09:23:17) | ===> btop++ v.1.4.0
2025/02/11 (09:23:17) | WARNING: NVML: Failed to get GPU power usage: Not Supported

2025/02/12 (10:56:30) | ===> btop++ v.1.4.0
2025/02/12 (10:56:30) | WARNING: NVML: Failed to get GPU power usage: Not Supported

2025/02/13 (09:09:00) | ===> btop++ v.1.4.0
2025/02/13 (09:09:00) | WARNING: NVML: Failed to get GPU power usage: Not Supported

2025/02/14 (09:25:46) | ===> btop++ v.1.4.0
2025/02/14 (09:25:46) | WARNING: NVML: Failed to get GPU power usage: Not Supported

2025/02/17 (09:11:26) | ===> btop++ v.1.4.0
2025/02/17 (09:11:26) | WARNING: NVML: Failed to get GPU power usage: Not Supported

2025/02/18 (09:13:12) | ===> btop++ v.1.4.0
2025/02/18 (09:13:12) | WARNING: NVML: Failed to get GPU power usage: Not Supported

2025/02/19 (11:02:10) | ===> btop++ v.1.4.0
2025/02/19 (11:02:10) | WARNING: NVML: Failed to get GPU power usage: Not Supported

2025/02/20 (12:50:18) | ===> btop++ v.1.4.0
2025/02/20 (12:50:18) | WARNING: NVML: Failed to get GPU power usage: Not Supported

2025/02/21 (09:56:20) | ===> btop++ v.1.4.0
2025/02/21 (09:56:20) | WARNING: NVML: Failed to get GPU power usage: Not Supported

2025/02/21 (15:31:13) | ===> btop++ v.1.4.0
2025/02/21 (15:31:13) | WARNING: NVML: Failed to get GPU power usage: Not Supported

2025/02/24 (13:06:19) | ===> btop++ v.1.4.0
2025/02/24 (13:06:19) | WARNING: NVML: Failed to get GPU power usage: Not Supported
2025/02/24 (19:06:34) | ERROR: Couldn't determine terminal size of "STDOUT_FILENO"!
2025/02/24 (19:06:34) | ERROR: Couldn't determine terminal size of "/dev/tty"!

2025/02/25 (08:40:34) | ===> btop++ v.1.4.0
2025/02/25 (08:40:34) | WARNING: NVML: Failed to get GPU power usage: Not Supported

2025/02/26 (09:25:45) | ===> btop++ v.1.4.0
2025/02/26 (09:25:45) | WARNING: NVML: Failed to get GPU power usage: Not Supported

2025/02/27 (09:04:22) | ===> btop++ v.1.4.0
2025/02/27 (09:04:22) | WARNING: NVML: Failed to get GPU power usage: Not Supported

2025/02/28 (08:58:27) | ===> btop++ v.1.4.0
2025/02/28 (08:58:27) | WARNING: NVML: Failed to get GPU power usage: Not Supported

2025/02/28 (10:12:11) | ===> btop++ v.1.4.0
2025/02/28 (10:12:11) | WARNING: NVML: Failed to get GPU power usage: Not Supported

2025/02/28 (16:02:25) | ===> btop++ v.1.4.0
2025/02/28 (16:02:25) | WARNING: NVML: Failed to get GPU power usage: Not Supported

2025/03/03 (11:06:05) | ===> btop++ v.1.4.0
2025/03/03 (11:06:05) | WARNING: NVML: Failed to get GPU power usage: Not Supported

2025/03/04 (08:38:51) | ===> btop++ v.1.4.0
2025/03/04 (08:38:51) | WARNING: NVML: Failed to get GPU power usage: Not Supported

2025/03/05 (09:00:37) | ===> btop++ v.1.4.0
2025/03/05 (09:00:37) | WARNING: NVML: Failed to get GPU power usage: Not Supported

2025/03/06 (09:03:39) | ===> btop++ v.1.4.0
2025/03/06 (09:03:39) | WARNING: NVML: Failed to get GPU power usage: Not Supported

2025/03/06 (09:31:02) | ===> btop++ v.1.4.0
2025/03/06 (09:31:02) | WARNING: NVML: Failed to get GPU power usage: Not Supported

2025/03/07 (09:20:32) | ===> btop++ v.1.4.0
2025/03/07 (09:20:32) | WARNING: NVML: Failed to get GPU power usage: Not Supported

2025/03/07 (11:01:31) | ===> btop++ v.1.4.0
2025/03/07 (11:01:31) | WARNING: NVML: Failed to get GPU power usage: Not Supported

2025/03/08 (09:53:16) | ===> btop++ v.1.4.0
2025/03/08 (09:53:16) | WARNING: NVML: Failed to get GPU power usage: Not Supported

2025/03/10 (15:08:37) | ===> btop++ v.1.4.0
2025/03/10 (15:08:37) | WARNING: NVML: Failed to get GPU power usage: Not Supported

2025/03/17 (13:45:46) | ===> btop++ v.1.4.0
2025/03/17 (13:45:46) | WARNING: NVML: Failed to get GPU power usage: Not Supported

2025/03/29 (15:17:00) | ===> btop++ v.1.4.0
2025/03/29 (15:17:00) | WARNING: NVML: Failed to get GPU power usage: Not Supported

2025/04/10 (21:43:14) | ===> btop++ v.1.4.0
2025/04/10 (21:43:14) | WARNING: NVML: Failed to get GPU power usage: Not Supported

2025/04/10 (22:07:52) | ===> btop++ v.1.4.0
2025/04/10 (22:07:52) | WARNING: NVML: Failed to get GPU power usage: Not Supported

2025/04/10 (22:08:04) | ===> btop++ v.1.4.0
2025/04/10 (22:08:04) | WARNING: NVML: Failed to get GPU power usage: Not Supported

2025/04/10 (22:08:12) | ===> btop++ v.1.4.0
2025/04/10 (22:08:12) | WARNING: NVML: Failed to get GPU power usage: Not Supported

2025/04/10 (22:19:52) | ===> btop++ v.1.4.0
2025/04/10 (22:19:52) | WARNING: NVML: Failed to get GPU power usage: Not Supported

2025/04/10 (22:22:04) | ===> btop++ v.1.4.0
2025/04/10 (22:22:04) | WARNING: NVML: Failed to get GPU power usage: Not Supported

2025/04/10 (22:22:24) | ===> btop++ v.1.4.0
2025/04/10 (22:22:24) | WARNING: NVML: Failed to get GPU power usage: Not Supported
